============================= test session starts ==============================
platform linux -- Python 3.11.10, pytest-9.0.3, pluggy-1.6.0 -- /usr/bin/python3.11
cachedir: .pytest_cache
rootdir: /workspace/ssra
configfile: pyproject.toml
plugins: anyio-4.6.0
collecting ... collected 65 items

tests/test_baselines.py::test_forward_backward[flat] PASSED              [  1%]
tests/test_baselines.py::test_forward_backward[megabyte] PASSED          [  3%]
tests/test_baselines.py::test_loglinear_integration FAILED               [  4%]
tests/test_baselines.py::test_causal_alignment[flat] PASSED              [  6%]
tests/test_baselines.py::test_causal_alignment[megabyte] PASSED          [  7%]
tests/test_checkpoint_resume.py::test_resume_yields_continuous_loss_curve PASSED [  9%]
tests/test_checkpoint_resume.py::test_checkpoint_is_atomic_and_reloadable PASSED [ 10%]
tests/test_completion.py::test_completion[257-p1] PASSED                 [ 12%]
tests/test_completion.py::test_completion[257-p2] PASSED                 [ 13%]
tests/test_completion.py::test_completion[257-p3] PASSED                 [ 15%]
tests/test_completion.py::test_completion[257-hybrid] PASSED             [ 16%]
tests/test_completion.py::test_completion[1000-p1] PASSED                [ 18%]
tests/test_completion.py::test_completion[1000-p2] PASSED                [ 20%]
tests/test_completion.py::test_completion[1000-p3] PASSED                [ 21%]
tests/test_completion.py::test_completion[1000-hybrid] PASSED            [ 23%]
tests/test_config_validation.py::test_defaults_match_spec PASSED         [ 24%]
tests/test_config_validation.py::test_schedule PASSED                    [ 26%]
tests/test_config_validation.py::test_reject_p2_linear PASSED            [ 27%]
tests/test_config_validation.py::test_reject_p2_k4 PASSED                [ 29%]
tests/test_config_validation.py::test_reject_linear_non_p1 PASSED        [ 30%]
tests/test_config_validation.py::test_reject_hybrid_k_sel_too_large PASSED [ 32%]
tests/test_config_validation.py::test_reject_virtual_summary_pos_without_override PASSED [ 33%]
tests/test_config_validation.py::test_p1_diversity_loss_not_implemented PASSED [ 35%]
tests/test_config_validation.py::test_k4_stubbed PASSED                  [ 36%]
tests/test_config_validation.py::test_unknown_keys_rejected PASSED       [ 38%]
tests/test_config_validation.py::test_nested_yaml_forms PASSED           [ 40%]
tests/test_config_validation.py::test_yaml_file_roundtrip PASSED         [ 41%]
tests/test_gradient_flow.py::test_gradient_flow[p1] PASSED               [ 43%]
tests/test_gradient_flow.py::test_gradient_flow[p2] PASSED               [ 44%]
tests/test_gradient_flow.py::test_gradient_flow[p3] PASSED               [ 46%]
tests/test_gradient_flow.py::test_gradient_flow[hybrid] PASSED           [ 47%]
tests/test_p3_determinism.py::test_p3_inference_bitwise_deterministic[ste] PASSED [ 49%]
tests/test_p3_determinism.py::test_p3_inference_bitwise_deterministic[gumbel_topk] PASSED [ 50%]
tests/test_readout_equiv.py::test_grouped_equals_reference[shared-on-257-16-64] PASSED [ 52%]
tests/test_readout_equiv.py::test_grouped_equals_reference[shared-on-1000-16-64] PASSED [ 53%]
tests/test_readout_equiv.py::test_grouped_equals_reference[shared-on-1024-16-64] PASSED [ 55%]
tests/test_readout_equiv.py::test_grouped_equals_reference[shared-on-257-4-8] PASSED [ 56%]
tests/test_readout_equiv.py::test_grouped_equals_reference[shared-on-1000-8-32] PASSED [ 58%]
tests/test_readout_equiv.py::test_grouped_equals_reference[shared-on-1024-4-8] PASSED [ 60%]
tests/test_readout_equiv.py::test_grouped_equals_reference[shared-off-257-16-64] PASSED [ 61%]
tests/test_readout_equiv.py::test_grouped_equals_reference[shared-off-1000-16-64] PASSED [ 63%]
tests/test_readout_equiv.py::test_grouped_equals_reference[shared-off-1024-16-64] PASSED [ 64%]
tests/test_readout_equiv.py::test_grouped_equals_reference[shared-off-257-4-8] PASSED [ 66%]
tests/test_readout_equiv.py::test_grouped_equals_reference[shared-off-1000-8-32] PASSED [ 67%]
tests/test_readout_equiv.py::test_grouped_equals_reference[shared-off-1024-4-8] PASSED [ 69%]
tests/test_readout_equiv.py::test_grouped_equals_reference[separate-on-257-16-64] PASSED [ 70%]
tests/test_readout_equiv.py::test_grouped_equals_reference[separate-on-1000-16-64] PASSED [ 72%]
tests/test_readout_equiv.py::test_grouped_equals_reference[separate-on-1024-16-64] PASSED [ 73%]
tests/test_readout_equiv.py::test_grouped_equals_reference[separate-on-257-4-8] PASSED [ 75%]
tests/test_readout_equiv.py::test_grouped_equals_reference[separate-on-1000-8-32] PASSED [ 76%]
tests/test_readout_equiv.py::test_grouped_equals_reference[separate-on-1024-4-8] PASSED [ 78%]
tests/test_readout_equiv.py::test_grouped_equals_reference[separate-off-257-16-64] PASSED [ 80%]
tests/test_readout_equiv.py::test_grouped_equals_reference[separate-off-1000-16-64] PASSED [ 81%]
tests/test_readout_equiv.py::test_grouped_equals_reference[separate-off-1024-16-64] PASSED [ 83%]
tests/test_readout_equiv.py::test_grouped_equals_reference[separate-off-257-4-8] PASSED [ 84%]
tests/test_readout_equiv.py::test_grouped_equals_reference[separate-off-1000-8-32] PASSED [ 86%]
tests/test_readout_equiv.py::test_grouped_equals_reference[separate-off-1024-4-8] PASSED [ 87%]
tests/test_readout_equiv.py::test_virtual_fallback_equals_reference[257] PASSED [ 89%]
tests/test_readout_equiv.py::test_virtual_fallback_equals_reference[1024] PASSED [ 90%]
tests/test_readout_equiv.py::test_full_model_logits_equal PASSED         [ 92%]
tests/test_readout_equiv.py::test_grouped_gradients_flow PASSED          [ 93%]
tests/test_shift.py::test_shift[p1] PASSED                               [ 95%]
tests/test_shift.py::test_shift[p2] PASSED                               [ 96%]
tests/test_shift.py::test_shift[p3] PASSED                               [ 98%]
tests/test_shift.py::test_shift[hybrid] PASSED                           [100%]

=================================== FAILURES ===================================
__________________________ test_loglinear_integration __________________________

    def test_loglinear_integration():
        """Baseline (b), AP-5: pinned fla package imports; the GatedDeltaNet
        LM builds where Triton exists, otherwise the wrapper must raise the
        explicit M2-deferral error (never a silent skip)."""
        import fla
        from baselines.loglinear import FLA_VERSION, build_gated_deltanet_lm
        assert fla.__version__ == FLA_VERSION
        cfg = ModelConfig(d=64, h=2, n_layers=2, vocab=50, n_max=512)
        try:
>           model = build_gated_deltanet_lm(cfg)
                    ^^^^^^^^^^^^^^^^^^^^^^^^^^^^

tests/test_baselines.py:43: 
_ _ _ _ _ _ _ _ _ _ _ _ _ _ _ _ _ _ _ _ _ _ _ _ _ _ _ _ _ _ _ _ _ _ _ _ _ _ _ _ 
baselines/loglinear.py:40: in build_gated_deltanet_lm
    from fla.models import GatedDeltaNetConfig, GatedDeltaNetForCausalLM
/usr/local/lib/python3.11/dist-packages/fla/models/__init__.py:8: in <module>
    from fla.models.abc import ABCConfig, ABCForCausalLM, ABCModel
/usr/local/lib/python3.11/dist-packages/fla/models/abc/__init__.py:11: in <module>
    from fla.models.abc.modeling_abc import ABCForCausalLM, ABCModel
/usr/local/lib/python3.11/dist-packages/fla/models/abc/modeling_abc.py:17: in <module>
    from transformers.modeling_utils import PreTrainedModel
/usr/local/lib/python3.11/dist-packages/transformers/modeling_utils.py:87: in <module>
    from .loss.loss_utils import LOSS_MAPPING
/usr/local/lib/python3.11/dist-packages/transformers/loss/loss_utils.py:20: in <module>
    from .loss_d_fine import DFineForObjectDetectionLoss
/usr/local/lib/python3.11/dist-packages/transformers/loss/loss_d_fine.py:21: in <module>
    from .loss_for_object_detection import box_iou
/usr/local/lib/python3.11/dist-packages/transformers/loss/loss_for_object_detection.py:31: in <module>
    from transformers.image_transforms import center_to_corners_format
/usr/local/lib/python3.11/dist-packages/transformers/image_transforms.py:22: in <module>
    from .image_utils import (
/usr/local/lib/python3.11/dist-packages/transformers/image_utils.py:54: in <module>
    from torchvision.io import ImageReadMode, decode_image
/usr/local/lib/python3.11/dist-packages/torchvision/__init__.py:10: in <module>
    from torchvision import _meta_registrations, datasets, io, models, ops, transforms, utils  # usort:skip
    ^^^^^^^^^^^^^^^^^^^^^^^^^^^^^^^^^^^^^^^^^^^^^^^^^^^^^^^^^^^^^^^^^^^^^^^^^^^^^^^^^^^^^^^^^
/usr/local/lib/python3.11/dist-packages/torchvision/_meta_registrations.py:163: in <module>
    @torch.library.register_fake("torchvision::nms")
     ^^^^^^^^^^^^^^^^^^^^^^^^^^^^^^^^^^^^^^^^^^^^^^^
/usr/local/lib/python3.11/dist-packages/torch/library.py:1085: in register
    use_lib._register_fake(
/usr/local/lib/python3.11/dist-packages/torch/library.py:202: in _register_fake
    handle = entry.fake_impl.register(
_ _ _ _ _ _ _ _ _ _ _ _ _ _ _ _ _ _ _ _ _ _ _ _ _ _ _ _ _ _ _ _ _ _ _ _ _ _ _ _ 

self = <torch._library.fake_impl.FakeImplHolder object at 0x714f43c0c890>
func = <function meta_nms at 0x714f43c10360>
source = '/usr/local/lib/python3.11/dist-packages/torchvision/_meta_registrations.py:163'
lib = Library(kind=FRAGMENT, ns=torchvision, dispatch_key=)>

    def register(
        self, func: Callable, source: str, lib, *, allow_override=False
    ) -> RegistrationHandle:
        """Register an fake impl.
    
        Returns a RegistrationHandle that one can use to de-register this
        fake impl.
        """
    
        if not allow_override:
            if self.kernel is not None:
                raise RuntimeError(
                    f"register_fake(...): the operator {self.qualname} "
                    f"already has an fake impl registered at "
                    f"{self.kernel.source}."
                )
>           if torch._C._dispatch_has_kernel_for_dispatch_key(self.qualname, "Meta"):
               ^^^^^^^^^^^^^^^^^^^^^^^^^^^^^^^^^^^^^^^^^^^^^^^^^^^^^^^^^^^^^^^^^^^^^
E           RuntimeError: operator torchvision::nms does not exist

/usr/local/lib/python3.11/dist-packages/torch/_library/fake_impl.py:50: RuntimeError

During handling of the above exception, another exception occurred:

    def test_loglinear_integration():
        """Baseline (b), AP-5: pinned fla package imports; the GatedDeltaNet
        LM builds where Triton exists, otherwise the wrapper must raise the
        explicit M2-deferral error (never a silent skip)."""
        import fla
        from baselines.loglinear import FLA_VERSION, build_gated_deltanet_lm
        assert fla.__version__ == FLA_VERSION
        cfg = ModelConfig(d=64, h=2, n_layers=2, vocab=50, n_max=512)
        try:
            model = build_gated_deltanet_lm(cfg)
            assert sum(p.numel() for p in model.parameters()) > 0
        except RuntimeError as e:
>           assert "deferred to M2 GPU" in str(e)
E           AssertionError: assert 'deferred to M2 GPU' in 'operator torchvision::nms does not exist'
E            +  where 'operator torchvision::nms does not exist' = str(RuntimeError('operator torchvision::nms does not exist'))

tests/test_baselines.py:46: AssertionError
=========================== short test summary info ============================
FAILED tests/test_baselines.py::test_loglinear_integration - AssertionError: ...
======================== 1 failed, 64 passed in 51.48s =========================
