..s..............................................................        [100%]
64 passed, 1 skipped in 9.97s
============================= test session starts ==============================
platform darwin -- Python 3.11.15, pytest-9.0.3, pluggy-1.6.0 -- /Users/ds/Developer/ssra/.venv/bin/python
cachedir: .pytest_cache
rootdir: /Users/ds/Developer/ssra
configfile: pyproject.toml
plugins: anyio-4.13.0
collecting ... collected 65 items

tests/test_baselines.py::test_forward_backward[flat] PASSED              [  1%]
tests/test_baselines.py::test_forward_backward[megabyte] PASSED          [  3%]
tests/test_baselines.py::test_loglinear_integration SKIPPED (Triton ...) [  4%]
tests/test_baselines.py::test_causal_alignment[flat] PASSED              [  6%]
tests/test_baselines.py::test_causal_alignment[megabyte] PASSED          [  7%]
tests/test_checkpoint_resume.py::test_resume_yields_continuous_loss_curve PASSED [  9%]
tests/test_checkpoint_resume.py::test_checkpoint_is_atomic_and_reloadable PASSED [ 10%]
tests/test_completion.py::test_completion[257-p1] PASSED                 [ 12%]
tests/test_completion.py::test_completion[257-p2] PASSED                 [ 13%]
tests/test_completion.py::test_completion[257-p3] PASSED                 [ 15%]
tests/test_completion.py::test_completion[257-hybrid] PASSED             [ 16%]
tests/test_completion.py::test_completion[1000-p1] PASSED                [ 18%]
tests/test_completion.py::test_completion[1000-p2] PASSED                [ 20%]
tests/test_completion.py::test_completion[1000-p3] PASSED                [ 21%]
tests/test_completion.py::test_completion[1000-hybrid] PASSED            [ 23%]
tests/test_config_validation.py::test_defaults_match_spec PASSED         [ 24%]
tests/test_config_validation.py::test_schedule PASSED                    [ 26%]
tests/test_config_validation.py::test_reject_p2_linear PASSED            [ 27%]
tests/test_config_validation.py::test_reject_p2_k4 PASSED                [ 29%]
tests/test_config_validation.py::test_reject_linear_non_p1 PASSED        [ 30%]
tests/test_config_validation.py::test_reject_hybrid_k_sel_too_large PASSED [ 32%]
tests/test_config_validation.py::test_reject_virtual_summary_pos_without_override PASSED [ 33%]
tests/test_config_validation.py::test_p1_diversity_loss_not_implemented PASSED [ 35%]
tests/test_config_validation.py::test_k4_stubbed PASSED                  [ 36%]
tests/test_config_validation.py::test_unknown_keys_rejected PASSED       [ 38%]
tests/test_config_validation.py::test_nested_yaml_forms PASSED           [ 40%]
tests/test_config_validation.py::test_yaml_file_roundtrip PASSED         [ 41%]
tests/test_gradient_flow.py::test_gradient_flow[p1] PASSED               [ 43%]
tests/test_gradient_flow.py::test_gradient_flow[p2] PASSED               [ 44%]
tests/test_gradient_flow.py::test_gradient_flow[p3] PASSED               [ 46%]
tests/test_gradient_flow.py::test_gradient_flow[hybrid] PASSED           [ 47%]
tests/test_p3_determinism.py::test_p3_inference_bitwise_deterministic[ste] PASSED [ 49%]
tests/test_p3_determinism.py::test_p3_inference_bitwise_deterministic[gumbel_topk] PASSED [ 50%]
tests/test_readout_equiv.py::test_grouped_equals_reference[shared-on-257-16-64] PASSED [ 52%]
tests/test_readout_equiv.py::test_grouped_equals_reference[shared-on-1000-16-64] PASSED [ 53%]
tests/test_readout_equiv.py::test_grouped_equals_reference[shared-on-1024-16-64] PASSED [ 55%]
tests/test_readout_equiv.py::test_grouped_equals_reference[shared-on-257-4-8] PASSED [ 56%]
tests/test_readout_equiv.py::test_grouped_equals_reference[shared-on-1000-8-32] PASSED [ 58%]
tests/test_readout_equiv.py::test_grouped_equals_reference[shared-on-1024-4-8] PASSED [ 60%]
tests/test_readout_equiv.py::test_grouped_equals_reference[shared-off-257-16-64] PASSED [ 61%]
tests/test_readout_equiv.py::test_grouped_equals_reference[shared-off-1000-16-64] PASSED [ 63%]
tests/test_readout_equiv.py::test_grouped_equals_reference[shared-off-1024-16-64] PASSED [ 64%]
tests/test_readout_equiv.py::test_grouped_equals_reference[shared-off-257-4-8] PASSED [ 66%]
tests/test_readout_equiv.py::test_grouped_equals_reference[shared-off-1000-8-32] PASSED [ 67%]
tests/test_readout_equiv.py::test_grouped_equals_reference[shared-off-1024-4-8] PASSED [ 69%]
tests/test_readout_equiv.py::test_grouped_equals_reference[separate-on-257-16-64] PASSED [ 70%]
tests/test_readout_equiv.py::test_grouped_equals_reference[separate-on-1000-16-64] PASSED [ 72%]
tests/test_readout_equiv.py::test_grouped_equals_reference[separate-on-1024-16-64] PASSED [ 73%]
tests/test_readout_equiv.py::test_grouped_equals_reference[separate-on-257-4-8] PASSED [ 75%]
tests/test_readout_equiv.py::test_grouped_equals_reference[separate-on-1000-8-32] PASSED [ 76%]
tests/test_readout_equiv.py::test_grouped_equals_reference[separate-on-1024-4-8] PASSED [ 78%]
tests/test_readout_equiv.py::test_grouped_equals_reference[separate-off-257-16-64] PASSED [ 80%]
tests/test_readout_equiv.py::test_grouped_equals_reference[separate-off-1000-16-64] PASSED [ 81%]
tests/test_readout_equiv.py::test_grouped_equals_reference[separate-off-1024-16-64] PASSED [ 83%]
tests/test_readout_equiv.py::test_grouped_equals_reference[separate-off-257-4-8] PASSED [ 84%]
tests/test_readout_equiv.py::test_grouped_equals_reference[separate-off-1000-8-32] PASSED [ 86%]
tests/test_readout_equiv.py::test_grouped_equals_reference[separate-off-1024-4-8] PASSED [ 87%]
tests/test_readout_equiv.py::test_virtual_fallback_equals_reference[257] PASSED [ 89%]
tests/test_readout_equiv.py::test_virtual_fallback_equals_reference[1024] PASSED [ 90%]
tests/test_readout_equiv.py::test_full_model_logits_equal PASSED         [ 92%]
tests/test_readout_equiv.py::test_grouped_gradients_flow PASSED          [ 93%]
tests/test_shift.py::test_shift[p1] PASSED                               [ 95%]
tests/test_shift.py::test_shift[p2] PASSED                               [ 96%]
tests/test_shift.py::test_shift[p3] PASSED                               [ 98%]
tests/test_shift.py::test_shift[hybrid] PASSED                           [100%]

======================== 64 passed, 1 skipped in 9.90s =========================
